fetch failed TypeError: fetch failed
    at node:internal/deps/undici/undici:13502:13
    at process.processTicksAndRejections (node:internal/process/task_queues:95:5)
    at async handleAction (file:///C:/Users/adars/Documents/GitHub/orbita-messenger/backend/server.mjs:3075:22)
    at async Server.<anonymous> (file:///C:/Users/adars/Documents/GitHub/orbita-messenger/backend/server.mjs:163:26) {
  [cause]: AggregateError [ECONNREFUSED]: 
      at internalConnectMultiple (node:net:1122:18)
      at afterConnectMultiple (node:net:1689:7) {
    code: 'ECONNREFUSED',
    [errors]: [ [Error], [Error] ]
  }
}
fetch failed StorageUnknownError: fetch failed
    at handleError (file:///C:/Users/adars/Documents/GitHub/orbita-messenger/node_modules/@supabase/storage-js/dist/index.mjs:320:16)
    at file:///C:/Users/adars/Documents/GitHub/orbita-messenger/node_modules/@supabase/storage-js/dist/index.mjs:369:53 {
  __isStorageError: true,
  namespace: 'storage',
  status: undefined,
  statusCode: undefined,
  originalError: TypeError: fetch failed
      at node:internal/deps/undici/undici:13502:13 {
    [cause]: Error: read ECONNRESET
        at TLSWrap.onStreamRead (node:internal/stream_base_commons:218:20) {
      errno: -4077,
      code: 'ECONNRESET',
      syscall: 'read'
    }
  }
}
fetch failed StorageUnknownError: fetch failed
    at handleError (file:///C:/Users/adars/Documents/GitHub/orbita-messenger/node_modules/@supabase/storage-js/dist/index.mjs:320:16)
    at file:///C:/Users/adars/Documents/GitHub/orbita-messenger/node_modules/@supabase/storage-js/dist/index.mjs:369:53 {
  __isStorageError: true,
  namespace: 'storage',
  status: undefined,
  statusCode: undefined,
  originalError: TypeError: fetch failed
      at node:internal/deps/undici/undici:13502:13 {
    [cause]: Error: read ECONNRESET
        at TLSWrap.onStreamRead (node:internal/stream_base_commons:218:20) {
      errno: -4077,
      code: 'ECONNRESET',
      syscall: 'read'
    }
  }
}
fetch failed StorageUnknownError: fetch failed
    at handleError (file:///C:/Users/adars/Documents/GitHub/orbita-messenger/node_modules/@supabase/storage-js/dist/index.mjs:320:16)
    at file:///C:/Users/adars/Documents/GitHub/orbita-messenger/node_modules/@supabase/storage-js/dist/index.mjs:369:53
    at processTicksAndRejections (node:internal/process/task_queues:95:5)
    at runNextTicks (node:internal/process/task_queues:64:3)
    at process.processImmediate (node:internal/timers:454:9) {
  __isStorageError: true,
  namespace: 'storage',
  status: undefined,
  statusCode: undefined,
  originalError: TypeError: fetch failed
      at node:internal/deps/undici/undici:13502:13
      at processTicksAndRejections (node:internal/process/task_queues:95:5)
      at runNextTicks (node:internal/process/task_queues:64:3)
      at process.processImmediate (node:internal/timers:454:9) {
    [cause]: ConnectTimeoutError: Connect Timeout Error (attempted addresses: 172.64.149.246:443, timeout: 10000ms)
        at onConnectTimeout (node:internal/deps/undici/undici:2602:28)
        at Immediate._onImmediate (node:internal/deps/undici/undici:2568:35)
        at process.processImmediate (node:internal/timers:483:21) {
      code: 'UND_ERR_CONNECT_TIMEOUT'
    }
  }
}
fetch failed StorageUnknownError: fetch failed
    at handleError (file:///C:/Users/adars/Documents/GitHub/orbita-messenger/node_modules/@supabase/storage-js/dist/index.mjs:320:16)
    at file:///C:/Users/adars/Documents/GitHub/orbita-messenger/node_modules/@supabase/storage-js/dist/index.mjs:369:53
    at processTicksAndRejections (node:internal/process/task_queues:95:5)
    at runNextTicks (node:internal/process/task_queues:64:3)
    at process.processImmediate (node:internal/timers:454:9) {
  __isStorageError: true,
  namespace: 'storage',
  status: undefined,
  statusCode: undefined,
  originalError: TypeError: fetch failed
      at node:internal/deps/undici/undici:13502:13
      at processTicksAndRejections (node:internal/process/task_queues:95:5)
      at runNextTicks (node:internal/process/task_queues:64:3)
      at process.processImmediate (node:internal/timers:454:9) {
    [cause]: ConnectTimeoutError: Connect Timeout Error (attempted addresses: 172.64.149.246:443, timeout: 10000ms)
        at onConnectTimeout (node:internal/deps/undici/undici:2602:28)
        at Immediate._onImmediate (node:internal/deps/undici/undici:2568:35)
        at process.processImmediate (node:internal/timers:483:21) {
      code: 'UND_ERR_CONNECT_TIMEOUT'
    }
  }
}
fetch failed StorageUnknownError: fetch failed
    at handleError (file:///C:/Users/adars/Documents/GitHub/orbita-messenger/node_modules/@supabase/storage-js/dist/index.mjs:320:16)
    at file:///C:/Users/adars/Documents/GitHub/orbita-messenger/node_modules/@supabase/storage-js/dist/index.mjs:369:53
    at processTicksAndRejections (node:internal/process/task_queues:95:5)
    at runNextTicks (node:internal/process/task_queues:64:3)
    at process.processImmediate (node:internal/timers:454:9) {
  __isStorageError: true,
  namespace: 'storage',
  status: undefined,
  statusCode: undefined,
  originalError: TypeError: fetch failed
      at node:internal/deps/undici/undici:13502:13
      at processTicksAndRejections (node:internal/process/task_queues:95:5)
      at runNextTicks (node:internal/process/task_queues:64:3)
      at process.processImmediate (node:internal/timers:454:9) {
    [cause]: ConnectTimeoutError: Connect Timeout Error (attempted addresses: 172.64.149.246:443, timeout: 10000ms)
        at onConnectTimeout (node:internal/deps/undici/undici:2602:28)
        at Immediate._onImmediate (node:internal/deps/undici/undici:2568:35)
        at process.processImmediate (node:internal/timers:483:21) {
      code: 'UND_ERR_CONNECT_TIMEOUT'
    }
  }
}
TypeError: fetch failed
    at node:internal/deps/undici/undici:13502:13
    at processTicksAndRejections (node:internal/process/task_queues:95:5)
    at runNextTicks (node:internal/process/task_queues:64:3)
    at process.processImmediate (node:internal/timers:454:9)
    at async _handleRequest (C:\Users\adars\Documents\GitHub\orbita-messenger\node_modules\@supabase\auth-js\dist\main\lib\fetch.js:117:18)
    at async _request (C:\Users\adars\Documents\GitHub\orbita-messenger\node_modules\@supabase\auth-js\dist\main\lib\fetch.js:107:18)
    at async SupabaseAuthClient._getUser (C:\Users\adars\Documents\GitHub\orbita-messenger\node_modules\@supabase\auth-js\dist\main\GoTrueClient.js:2483:24)
    at async SupabaseAuthClient.getUser (C:\Users\adars\Documents\GitHub\orbita-messenger\node_modules\@supabase\auth-js\dist\main\GoTrueClient.js:2469:20)
    at async Server.<anonymous> (file:///C:/Users/adars/Documents/GitHub/orbita-messenger/backend/server.mjs:157:31) {
  [cause]: ConnectTimeoutError: Connect Timeout Error (attempted addresses: 172.64.149.246:443, timeout: 10000ms)
      at onConnectTimeout (node:internal/deps/undici/undici:2602:28)
      at Immediate._onImmediate (node:internal/deps/undici/undici:2568:35)
      at process.processImmediate (node:internal/timers:483:21) {
    code: 'UND_ERR_CONNECT_TIMEOUT'
  }
}
TypeError: fetch failed
    at node:internal/deps/undici/undici:13502:13
    at process.processTicksAndRejections (node:internal/process/task_queues:95:5)
    at async _handleRequest (C:\Users\adars\Documents\GitHub\orbita-messenger\node_modules\@supabase\auth-js\dist\main\lib\fetch.js:117:18)
    at async _request (C:\Users\adars\Documents\GitHub\orbita-messenger\node_modules\@supabase\auth-js\dist\main\lib\fetch.js:107:18)
    at async SupabaseAuthClient._getUser (C:\Users\adars\Documents\GitHub\orbita-messenger\node_modules\@supabase\auth-js\dist\main\GoTrueClient.js:2483:24)
    at async SupabaseAuthClient.getUser (C:\Users\adars\Documents\GitHub\orbita-messenger\node_modules\@supabase\auth-js\dist\main\GoTrueClient.js:2469:20)
    at async Server.<anonymous> (file:///C:/Users/adars/Documents/GitHub/orbita-messenger/backend/server.mjs:157:31) {
  [cause]: ConnectTimeoutError: Connect Timeout Error (attempted addresses: 172.64.149.246:443, timeout: 10000ms)
      at onConnectTimeout (node:internal/deps/undici/undici:2602:28)
      at Immediate._onImmediate (node:internal/deps/undici/undici:2568:35)
      at process.processImmediate (node:internal/timers:483:21) {
    code: 'UND_ERR_CONNECT_TIMEOUT'
  }
}
TypeError: fetch failed {
  message: 'TypeError: fetch failed',
  details: 'TypeError: fetch failed\n' +
    '\n' +
    'Caused by: ConnectTimeoutError: Connect Timeout Error (attempted addresses: 172.64.149.246:443, timeout: 10000ms) (UND_ERR_CONNECT_TIMEOUT)\n' +
    'ConnectTimeoutError: Connect Timeout Error (attempted addresses: 172.64.149.246:443, timeout: 10000ms)\n' +
    '    at onConnectTimeout (node:internal/deps/undici/undici:2602:28)\n' +
    '    at Immediate._onImmediate (node:internal/deps/undici/undici:2568:35)\n' +
    '    at process.processImmediate (node:internal/timers:483:21)',
  hint: '',
  code: ''
}
TypeError: fetch failed
    at node:internal/deps/undici/undici:13502:13
    at process.processTicksAndRejections (node:internal/process/task_queues:95:5)
    at async _handleRequest (C:\Users\adars\Documents\GitHub\orbita-messenger\node_modules\@supabase\auth-js\dist\main\lib\fetch.js:117:18)
    at async _request (C:\Users\adars\Documents\GitHub\orbita-messenger\node_modules\@supabase\auth-js\dist\main\lib\fetch.js:107:18)
    at async SupabaseAuthClient._getUser (C:\Users\adars\Documents\GitHub\orbita-messenger\node_modules\@supabase\auth-js\dist\main\GoTrueClient.js:2483:24)
    at async SupabaseAuthClient.getUser (C:\Users\adars\Documents\GitHub\orbita-messenger\node_modules\@supabase\auth-js\dist\main\GoTrueClient.js:2469:20)
    at async Server.<anonymous> (file:///C:/Users/adars/Documents/GitHub/orbita-messenger/backend/server.mjs:157:31) {
  [cause]: ConnectTimeoutError: Connect Timeout Error (attempted addresses: 172.64.149.246:443, timeout: 10000ms)
      at onConnectTimeout (node:internal/deps/undici/undici:2602:28)
      at Immediate._onImmediate (node:internal/deps/undici/undici:2568:35)
      at process.processImmediate (node:internal/timers:483:21) {
    code: 'UND_ERR_CONNECT_TIMEOUT'
  }
}
TypeError: fetch failed
    at node:internal/deps/undici/undici:13502:13
    at process.processTicksAndRejections (node:internal/process/task_queues:95:5)
    at async _handleRequest (C:\Users\adars\Documents\GitHub\orbita-messenger\node_modules\@supabase\auth-js\dist\main\lib\fetch.js:117:18)
    at async _request (C:\Users\adars\Documents\GitHub\orbita-messenger\node_modules\@supabase\auth-js\dist\main\lib\fetch.js:107:18)
    at async SupabaseAuthClient._getUser (C:\Users\adars\Documents\GitHub\orbita-messenger\node_modules\@supabase\auth-js\dist\main\GoTrueClient.js:2483:24)
    at async SupabaseAuthClient.getUser (C:\Users\adars\Documents\GitHub\orbita-messenger\node_modules\@supabase\auth-js\dist\main\GoTrueClient.js:2469:20)
    at async Server.<anonymous> (file:///C:/Users/adars/Documents/GitHub/orbita-messenger/backend/server.mjs:157:31) {
  [cause]: ConnectTimeoutError: Connect Timeout Error (attempted addresses: 172.64.149.246:443, timeout: 10000ms)
      at onConnectTimeout (node:internal/deps/undici/undici:2602:28)
      at Immediate._onImmediate (node:internal/deps/undici/undici:2568:35)
      at process.processImmediate (node:internal/timers:483:21) {
    code: 'UND_ERR_CONNECT_TIMEOUT'
  }
}
TypeError: fetch failed {
  message: 'TypeError: fetch failed',
  details: 'TypeError: fetch failed\n' +
    '\n' +
    'Caused by: Error: read ECONNRESET (ECONNRESET)\n' +
    'Error: read ECONNRESET\n' +
    '    at TLSWrap.onStreamRead (node:internal/stream_base_commons:218:20)',
  hint: '',
  code: ''
}
fetch failed StorageUnknownError: fetch failed
    at handleError (file:///C:/Users/adars/Documents/GitHub/orbita-messenger/node_modules/@supabase/storage-js/dist/index.mjs:320:16)
    at file:///C:/Users/adars/Documents/GitHub/orbita-messenger/node_modules/@supabase/storage-js/dist/index.mjs:369:53 {
  __isStorageError: true,
  namespace: 'storage',
  status: undefined,
  statusCode: undefined,
  originalError: TypeError: fetch failed
      at node:internal/deps/undici/undici:13502:13 {
    [cause]: Error: read ECONNRESET
        at TLSWrap.onStreamRead (node:internal/stream_base_commons:218:20) {
      errno: -4077,
      code: 'ECONNRESET',
      syscall: 'read'
    }
  }
}
